<?xml version="1.0" encoding="UTF-8"?>
<!-- Generated by org.testng.reporters.JUnitXMLReporter -->
<testsuite hostname="sun-PC" ignored="8" name="Default test" tests="1" failures="1" timestamp="02 Jul 2020 10:50:06 GMT" time="43.571" errors="0">
  <testcase name="VerifyDatePickerWithIndividualDateFormatsWithoutSeparators" time="18.167" classname="PropineTestTasks.PropineDatePickerTasks">
    <failure type="java.lang.AssertionError" message="One or more of the Date Format has failed with the expected condition.">
      <![CDATA[java.lang.AssertionError: One or more of the Date Format has failed with the expected condition.
at org.testng.Assert.fail(Assert.java:96)
at TestFramework.Propine.ValidateDateParser(Propine.java:96)
at PropineTestTasks.PropineDatePickerTasks.VerifyDatePickerWithIndividualDateFormatsWithoutSeparators(PropineDatePickerTasks.java:159)
at sun.reflect.NativeMethodAccessorImpl.invoke0(Native Method)
at sun.reflect.NativeMethodAccessorImpl.invoke(Unknown Source)
at sun.reflect.DelegatingMethodAccessorImpl.invoke(Unknown Source)
at java.lang.reflect.Method.invoke(Unknown Source)
at org.testng.internal.MethodInvocationHelper.invokeMethod(MethodInvocationHelper.java:124)
at org.testng.internal.Invoker.invokeMethod(Invoker.java:583)
at org.testng.internal.Invoker.invokeTestMethod(Invoker.java:719)
at org.testng.internal.Invoker.invokeTestMethods(Invoker.java:989)
at org.testng.internal.TestMethodWorker.invokeTestMethods(TestMethodWorker.java:125)
at org.testng.internal.TestMethodWorker.run(TestMethodWorker.java:109)
at org.testng.TestRunner.privateRun(TestRunner.java:648)
at org.testng.TestRunner.run(TestRunner.java:505)
at org.testng.SuiteRunner.runTest(SuiteRunner.java:455)
at org.testng.SuiteRunner.runSequentially(SuiteRunner.java:450)
at org.testng.SuiteRunner.privateRun(SuiteRunner.java:415)
at org.testng.SuiteRunner.run(SuiteRunner.java:364)
at org.testng.SuiteRunnerWorker.runSuite(SuiteRunnerWorker.java:52)
at org.testng.SuiteRunnerWorker.run(SuiteRunnerWorker.java:84)
at org.testng.TestNG.runSuitesSequentially(TestNG.java:1208)
at org.testng.TestNG.runSuitesLocally(TestNG.java:1137)
at org.testng.TestNG.runSuites(TestNG.java:1049)
at org.testng.TestNG.run(TestNG.java:1017)
at org.testng.remote.AbstractRemoteTestNG.run(AbstractRemoteTestNG.java:114)
at org.testng.remote.RemoteTestNG.initAndRun(RemoteTestNG.java:251)
at org.testng.remote.RemoteTestNG.main(RemoteTestNG.java:77)
]]>
    </failure>
  </testcase> <!-- VerifyDatePickerWithIndividualDateFormatsWithoutSeparators -->
  <testcase name="VerifyDatePickerWithValidDateFormatsWithAllSeparatorsAndString" time="0.0" classname="PropineTestTasks.PropineDatePickerTasks">
    <ignored/>
  </testcase> <!-- VerifyDatePickerWithValidDateFormatsWithAllSeparatorsAndString -->
  <testcase name="VerifyDatePickerWithValidDateFormatsAndInValidSeparators" time="0.0" classname="PropineTestTasks.PropineDatePickerTasks">
    <ignored/>
  </testcase> <!-- VerifyDatePickerWithValidDateFormatsAndInValidSeparators -->
  <testcase name="VerifyDatePickerWithOnlyDateOrMonthOrYear" time="0.0" classname="PropineTestTasks.PropineDatePickerTasks">
    <ignored/>
  </testcase> <!-- VerifyDatePickerWithOnlyDateOrMonthOrYear -->
  <testcase name="VerifyDatePickerWithValidDateFormatsAndValidSeparatorsWith32Date" time="0.0" classname="PropineTestTasks.PropineDatePickerTasks">
    <ignored/>
  </testcase> <!-- VerifyDatePickerWithValidDateFormatsAndValidSeparatorsWith32Date -->
  <testcase name="VerifyDatePickerWithValidDateFormatsAndValidSeparatorsWith00Date" time="0.0" classname="PropineTestTasks.PropineDatePickerTasks">
    <ignored/>
  </testcase> <!-- VerifyDatePickerWithValidDateFormatsAndValidSeparatorsWith00Date -->
  <testcase name="VerifyDatePickerWithInValidDateFormatsWithoutYearAndAllSeparators" time="0.0" classname="PropineTestTasks.PropineDatePickerTasks">
    <ignored/>
  </testcase> <!-- VerifyDatePickerWithInValidDateFormatsWithoutYearAndAllSeparators -->
  <testcase name="VerifyDatePickerWithValidDateFormatsAndValidSeparators" time="0.0" classname="PropineTestTasks.PropineDatePickerTasks">
    <ignored/>
  </testcase> <!-- VerifyDatePickerWithValidDateFormatsAndValidSeparators -->
  <testcase name="VerifyDatePickerWithInValidDateFormatsWithoutDateAndAllSeparators" time="0.0" classname="PropineTestTasks.PropineDatePickerTasks">
    <ignored/>
  </testcase> <!-- VerifyDatePickerWithInValidDateFormatsWithoutDateAndAllSeparators -->
</testsuite> <!-- Default test -->
